Unable to initialize backend 'tpu': INTERNAL: Failed to open libtpu.so: libtpu.so: cannot open shared object file: No such file or directory
Args:
{ 'N_test': 20000,
  'SEED': 1,
  'activation': 'tanh',
  'ad_mode': 'reverse',
  'backbone': 'MLP',
  'bidirectional': False,
  'complement': False,
  'custom_vjp_scan': False,
  'dense_expansion': 2,
  'diag_gate': False,
  'diag_gated': False,
  'diag_residual': False,
  'diag_skip': False,
  'dt_rank': 'auto',
  'epochs': 10000,
  'eqn_name': 'SemilinearHeatTime',
  'eval_every': 50000000,
  'expansion_factor': 2.0,
  'gamma': 0.9995,
  'hess_diag_method': 'sparse_stde',
  'hidden_features': 64,
  'lr': 0.0001,
  'lr_decay': 'linear',
  'min_recursion_length': 100,
  'n_fgd_vec': 0,
  'no_stde': False,
  'norm_type': 'none',
  'num_mamba_blocks': 1,
  'optimizer': 'adam',
  'rand_batch_size': 1,
  'recursive_scan': False,
  'recursive_split': False,
  'run_name': 'A4/SemilinearHeatTime/1',
  'sampling_mode': 'random',
  'save_every': 10000,
  'seed_frac': 0.01,
  'seq_len': 5,
  'spatial_dim': 10,
  'ssm_activation': 'silu',
  'stde_dist': 'rademacher',
  'test_batch_size': 5,
  'tie_gate': False,
  'tie_in_proj': False,
  'use_seed_seq': True,
  'x_ordering': 'radial',
  'x_radius': 1.0}

Instantiating model with backbone MLP
Model instantiated
Input shape: (2, 5, 11)
Output shape: (2, 5)
Model architecture:
                                           PINN Summary                                            
┏━━━━━━━━━━━━━━━━━━━━━━━━━┳━━━━━━━━━━━━━┳━━━━━━━━━━━━━━━━━┳━━━━━━━━━━━━━━━┳━━━━━━━━━━━━━━━━━━━━━━━┓
┃ path                    ┃ module      ┃ inputs          ┃ outputs       ┃ params                ┃
┡━━━━━━━━━━━━━━━━━━━━━━━━━╇━━━━━━━━━━━━━╇━━━━━━━━━━━━━━━━━╇━━━━━━━━━━━━━━━╇━━━━━━━━━━━━━━━━━━━━━━━┩
│                         │ PINN        │ float32[4,5,11] │ float32[4,5]  │                       │
├─────────────────────────┼─────────────┼─────────────────┼───────────────┼───────────────────────┤
│ MlpBackbone_0           │ MlpBackbone │ float32[4,5,11] │ float32[4,5]  │                       │
├─────────────────────────┼─────────────┼─────────────────┼───────────────┼───────────────────────┤
│ MlpBackbone_0/dense_out │ Dense       │ float32[20,11]  │ float32[20,1] │ bias: float32[1]      │
│                         │             │                 │               │ kernel: float32[11,1] │
│                         │             │                 │               │                       │
│                         │             │                 │               │ 12 (48 B)             │
├─────────────────────────┼─────────────┼─────────────────┼───────────────┼───────────────────────┤
│                         │             │                 │         Total │ 12 (48 B)             │
└─────────────────────────┴─────────────┴─────────────────┴───────────────┴───────────────────────┘
                                                                                                   
                                    Total Parameters: 12 (48 B)                                    


num params: 12
iter=0 | l1_rel=1.00e+00 | l2_rel=1.00e+00 | loss=1.34e+02 | grad_norm=6.87e+02
iter=9999 | l1_rel=7.67e-01 | l2_rel=7.67e-01 | loss=1.23e+01 | grad_norm=1.15e+02
Final → l1_rel=7.715e-01
